1601552353225	geckodriver	INFO	Listening on 127.0.0.1:55146
1601552356104	mozrunner::runner	INFO	Running command: "C:\\Program Files\\Mozilla Firefox\\firefox.exe" "--marionette" "-foreground" "-no-remote" "-profile" "C:\\Users\\anilr\\AppData\\Local\\Temp\\rust_mozprofileqZ2I0s"
JavaScript error: resource://gre/modules/XULStore.jsm, line 66: Error: Can't find profile directory.
1601552365882	Marionette	INFO	Listening on port 55154
1601552366151	Marionette	WARN	TLS certificate errors will be ignored for this session
1601552374291	Marionette	INFO	Stopped listening on port 55154

###!!! [Child][RunMessage] Error: Channel closing: too late to send/recv, messages will be lost


###!!! [Child][MessageChannel::SendAndWait] Error: Channel error: cannot send/recv

1602054853141	geckodriver	INFO	Listening on 127.0.0.1:58595
1602054856244	mozrunner::runner	INFO	Running command: "C:\\Program Files\\Mozilla Firefox\\firefox.exe" "--marionette" "-headless" "-foreground" "-no-remote" "-profile" "C:\\Users\\anilr\\AppData\\Local\\Temp\\rust_mozprofileECPWxg"
*** You are running in headless mode.
JavaScript error: resource://gre/modules/XULStore.jsm, line 66: Error: Can't find profile directory.
1602054877446	Marionette	INFO	Listening on port 58614
1602054877533	Marionette	WARN	TLS certificate errors will be ignored for this session
JavaScript error: resource://gre/modules/NetworkGeolocationProvider.jsm, line 555: TypeError: xhr.response.location is undefined
JavaScript error: resource://gre/modules/NetworkGeolocationProvider.jsm, line 555: TypeError: xhr.response.location is undefined
JavaScript error: resource://gre/modules/NetworkGeolocationProvider.jsm, line 555: TypeError: xhr.response.location is undefined
JavaScript error: , line 0: NS_ERROR_NOT_AVAILABLE
JavaScript error: , line 0: NS_ERROR_NOT_AVAILABLE
JavaScript error: , line 0: NS_ERROR_NOT_AVAILABLE
JavaScript error: , line 0: NS_ERROR_NOT_AVAILABLE
JavaScript error: , line 0: NS_ERROR_NOT_AVAILABLE
al\\Temp\\rust_mozprofilehPivTk"
*** You are running in headless mode.
JavaScript error: resource://gre/modules/XULStore.jsm, line 66: Error: Can't find profile directory.
1602055060095	Marionette	INFO	Listening on port 59204
1602055060411	Marionette	WARN	TLS certificate errors will be ignored for this session
JavaScript error: , line 0: NS_ERROR_NOT_AVAILABLE
JavaScript error: , line 0: NS_ERROR_NOT_AVAILABLE
JavaScript error: , line 0: NS_ERROR_NOT_AVAILABLE
JavaScript error: , line 0: NS_ERROR_NOT_AVAILABLE
JavaScript error: , line 0: uncaught exception: Object
JavaScript error: , line 0: NS_ERROR_NOT_AVAILABLE
Exiting due to channel error.
